Using pre-set license
Built from '2020.3/staging' branch; Version is '2020.3.20f1 (41c4e627c95f) revision 4310246'; Using compiler version '192528614'; Build Type 'Release'
OS: 'Windows 10 Pro; OS build 19043.1586; Version 2009; 64bit' Language: 'ru' Physical Memory: 5592 MB
BatchMode: 1, IsHumanControllingUs: 0, StartBugReporterOnCrash: 0, Is64bit: 1, IsPro: 0

COMMAND LINE ARGUMENTS:
E:\Programs\unity\2020.3.20f1\Editor\Unity.exe
-adb2
-batchMode
-noUpm
-name
AssetImportWorker0
-projectPath
E:/Hobbie/Unity Projects/Threw That
-logFile
Logs/AssetImportWorker0.log
-srvPort
30765
Successfully changed project path to: E:/Hobbie/Unity Projects/Threw That
E:/Hobbie/Unity Projects/Threw That
Using Asset Import Pipeline V2.
Refreshing native plugins compatible for Editor in 56.62 ms, found 2 plugins.
Preloading 0 native plugins for Editor in 0.00 ms.
Initialize engine version: 2020.3.20f1 (41c4e627c95f)
[Subsystems] Discovering subsystems at path E:/Programs/unity/2020.3.20f1/Editor/Data/Resources/UnitySubsystems
[Subsystems] Discovering subsystems at path E:/Hobbie/Unity Projects/Threw That/Assets
GfxDevice: creating device client; threaded=0
Direct3D:
    Version:  Direct3D 11.0 [level 11.1]
    Renderer: AMD Radeon(TM) Vega 8 Graphics (ID=0x15d8)
    Vendor:   
    VRAM:     2796 MB
    Driver:   27.20.11044.5003
Initialize mono
Mono path[0] = 'E:/Programs/unity/2020.3.20f1/Editor/Data/Managed'
Mono path[1] = 'E:/Programs/unity/2020.3.20f1/Editor/Data/MonoBleedingEdge/lib/mono/unityjit'
Mono config path = 'E:/Programs/unity/2020.3.20f1/Editor/Data/MonoBleedingEdge/etc'
Using monoOptions --debugger-agent=transport=dt_socket,embedding=1,server=y,suspend=n,address=127.0.0.1:56416
Begin MonoManager ReloadAssembly
Registering precompiled unity dll's ...
Register platform support module: E:/Programs/unity/2020.3.20f1/Editor/Data/PlaybackEngines/WindowsStandaloneSupport/UnityEditor.WindowsStandalone.Extensions.dll
Registered in 0.001844 seconds.
Native extension for WindowsStandalone target not found
Refreshing native plugins compatible for Editor in 54.81 ms, found 2 plugins.
Preloading 0 native plugins for Editor in 0.00 ms.
Mono: successfully reloaded assembly
- Completed reload, in  2.225 seconds
Domain Reload Profiling:
	ReloadAssembly (2226ms)
		BeginReloadAssembly (62ms)
			ExecutionOrderSort (0ms)
			DisableScriptedObjects (0ms)
			BackupInstance (0ms)
			ReleaseScriptingObjects (0ms)
			CreateAndSetChildDomain (1ms)
		EndReloadAssembly (754ms)
			LoadAssemblies (61ms)
			RebuildTransferFunctionScriptingTraits (0ms)
			SetupTypeCache (269ms)
			ReleaseScriptCaches (0ms)
			RebuildScriptCaches (54ms)
			SetupLoadedEditorAssemblies (299ms)
				LogAssemblyErrors (0ms)
				InitializePlatformSupportModulesInManaged (8ms)
				SetLoadedEditorAssemblies (0ms)
				RefreshPlugins (55ms)
				BeforeProcessingInitializeOnLoad (30ms)
				ProcessInitializeOnLoadAttributes (152ms)
				ProcessInitializeOnLoadMethodAttributes (54ms)
				AfterProcessingInitializeOnLoad (0ms)
				EditorAssembliesLoaded (0ms)
			ExecutionOrderSort2 (0ms)
			AwakeInstancesAfterBackupRestoration (0ms)
Platform modules already initialized, skipping
Registering precompiled user dll's ...
Registered in 0.003200 seconds.
Begin MonoManager ReloadAssembly
Native extension for WindowsStandalone target not found
Refreshing native plugins compatible for Editor in 0.57 ms, found 2 plugins.
Preloading 0 native plugins for Editor in 0.00 ms.
Mono: successfully reloaded assembly
- Completed reload, in  1.654 seconds
Domain Reload Profiling:
	ReloadAssembly (1655ms)
		BeginReloadAssembly (253ms)
			ExecutionOrderSort (0ms)
			DisableScriptedObjects (8ms)
			BackupInstance (0ms)
			ReleaseScriptingObjects (0ms)
			CreateAndSetChildDomain (33ms)
		EndReloadAssembly (1300ms)
			LoadAssemblies (144ms)
			RebuildTransferFunctionScriptingTraits (0ms)
			SetupTypeCache (485ms)
			ReleaseScriptCaches (1ms)
			RebuildScriptCaches (74ms)
			SetupLoadedEditorAssemblies (431ms)
				LogAssemblyErrors (0ms)
				InitializePlatformSupportModulesInManaged (8ms)
				SetLoadedEditorAssemblies (1ms)
				RefreshPlugins (1ms)
				BeforeProcessingInitializeOnLoad (106ms)
				ProcessInitializeOnLoadAttributes (302ms)
				ProcessInitializeOnLoadMethodAttributes (9ms)
				AfterProcessingInitializeOnLoad (4ms)
				EditorAssembliesLoaded (0ms)
			ExecutionOrderSort2 (0ms)
			AwakeInstancesAfterBackupRestoration (11ms)
Platform modules already initialized, skipping
========================================================================
Worker process is ready to serve import requests
Launched and connected shader compiler UnityShaderCompiler.exe after 0.09 seconds
Refreshing native plugins compatible for Editor in 0.83 ms, found 2 plugins.
Preloading 0 native plugins for Editor in 0.00 ms.
Unloading 1528 Unused Serialized files (Serialized files now loaded: 0)
System memory in use before: 74.3 MB.
System memory in use after: 74.4 MB.

Unloading 16 unused Assets to reduce memory usage. Loaded Objects now: 1966.
Total: 5.407800 ms (FindLiveObjects: 0.379100 ms CreateObjectMapping: 0.117800 ms MarkObjects: 4.780800 ms  DeleteObjects: 0.127800 ms)

AssetImportParameters requested are different than current active one (requested -> active):
  custom:framework-win-MediaFoundation: 216162199b28c13a410421893ffa2e32 -> 
  custom:video-decoder-ogg-theora: a1e56fd34408186e4bbccfd4996cb3dc -> 
  custom:container-muxer-webm: aa71ff27fc2769a1b78a27578f13a17b -> 
  custom:container-demuxer-webm: 4f35f7cbe854078d1ac9338744f61a02 -> 
  custom:container-demuxer-ogg: 62fdf1f143b41e24485cea50d1cbac27 -> 
  custom:video-encoder-webm-vp8: eb34c28f22e8b96e1ab97ce403110664 -> 
  custom:video-decoder-webm-vp8: 9c59270c3fd7afecdb556c50c9e8de78 -> 
  custom:audio-decoder-ogg-vorbis: bf7c407c2cedff20999df2af8eb42d56 -> 
  custom:audio-encoder-webm-vorbis: bf7c407c2cedff20999df2af8eb42d56 -> 
========================================================================
Received Import Request.
  path: Assets/Scenes/prefabs/mooving hole Z.prefab
  artifactKey: Guid(7b084a4220bde404d89f577f00187c3f) Importer(815301076,1909f56bfc062723c751e8b465ee728b)
Start importing Assets/Scenes/prefabs/mooving hole Z.prefab using Guid(7b084a4220bde404d89f577f00187c3f) Importer(815301076,1909f56bfc062723c751e8b465ee728b)  -> (artifact id: '48bd82ff2da45f3cd50f8fb0f1c819d1') in 0.180369 seconds 
  Import took 0.186544 seconds .

========================================================================
Received Import Request.
  Time since last request: 0.000415 seconds.
  path: Assets/Scenes/prefabs/mooving hole X.prefab
  artifactKey: Guid(37e6856e72cfabf468d1647ae0bfeeef) Importer(815301076,1909f56bfc062723c751e8b465ee728b)
Start importing Assets/Scenes/prefabs/mooving hole X.prefab using Guid(37e6856e72cfabf468d1647ae0bfeeef) Importer(815301076,1909f56bfc062723c751e8b465ee728b)  -> (artifact id: '6ca85ec2cd5145a7ae593be02d8f4a65') in 0.022614 seconds 
  Import took 0.027964 seconds .

========================================================================
Received Import Request.
  Time since last request: 0.000274 seconds.
  path: Assets/Scenes/prefabs/hole.prefab
  artifactKey: Guid(7d89d799d3a8bd94ca763686837f2605) Importer(815301076,1909f56bfc062723c751e8b465ee728b)
Start importing Assets/Scenes/prefabs/hole.prefab using Guid(7d89d799d3a8bd94ca763686837f2605) Importer(815301076,1909f56bfc062723c751e8b465ee728b)  -> (artifact id: '807b2142353fb186e825df616f7872c7') in 0.012491 seconds 
  Import took 0.017443 seconds .

========================================================================
Received Import Request.
  Time since last request: 2.717928 seconds.
  path: Assets/Scenes/prefabs/hole.prefab
  artifactKey: Guid(7d89d799d3a8bd94ca763686837f2605) Importer(815301076,1909f56bfc062723c751e8b465ee728b)
Start importing Assets/Scenes/prefabs/hole.prefab using Guid(7d89d799d3a8bd94ca763686837f2605) Importer(815301076,1909f56bfc062723c751e8b465ee728b)  -> (artifact id: 'bf75b67d98cc8b52e7e195df1b0b245b') in 0.014044 seconds 
  Import took 0.019451 seconds .

========================================================================
Received Import Request.
  Time since last request: 0.000378 seconds.
  path: Assets/Scenes/prefabs/mooving hole Z.prefab
  artifactKey: Guid(7b084a4220bde404d89f577f00187c3f) Importer(815301076,1909f56bfc062723c751e8b465ee728b)
Start importing Assets/Scenes/prefabs/mooving hole Z.prefab using Guid(7b084a4220bde404d89f577f00187c3f) Importer(815301076,1909f56bfc062723c751e8b465ee728b)  -> (artifact id: 'f0af527d820f00e9167e6c0312fdc6a4') in 0.019934 seconds 
  Import took 0.024373 seconds .

========================================================================
Received Import Request.
  Time since last request: 0.000314 seconds.
  path: Assets/Scenes/prefabs/mooving hole X.prefab
  artifactKey: Guid(37e6856e72cfabf468d1647ae0bfeeef) Importer(815301076,1909f56bfc062723c751e8b465ee728b)
Start importing Assets/Scenes/prefabs/mooving hole X.prefab using Guid(37e6856e72cfabf468d1647ae0bfeeef) Importer(815301076,1909f56bfc062723c751e8b465ee728b)  -> (artifact id: '878c2c377880729b6c658b41bc1eaf99') in 0.014198 seconds 
  Import took 0.018844 seconds .

AssetImportWorkerClient::OnTransportError - code=2 error=End of file
